<?xml version="1.0" encoding="UTF-8"?>
<!-- Generated by org.testng.reporters.JUnitXMLReporter -->
<testsuite hostname="w10bookcorderoa" ignored="3" name="Default test" tests="1" failures="0" timestamp="2021-05-18T16:26:37 ART" time="8.494" errors="0">
  <testcase name="pruebaUno" time="1.88" classname="tests.Tests"/>
  <testcase name="pruebaTres" time="0.0" classname="tests.Tests">
    <ignored/>
  </testcase> <!-- pruebaTres -->
  <testcase name="pruebaCantidadDeCampos" time="0.0" classname="tests.Tests">
    <ignored/>
  </testcase> <!-- pruebaCantidadDeCampos -->
  <testcase name="pruebaDos" time="0.0" classname="tests.Tests">
    <ignored/>
  </testcase> <!-- pruebaDos -->
</testsuite> <!-- Default test -->
