<?xml version="1.0" encoding="UTF-8" ?>
<testsuite tests="15" failures="1" name="tests.Tests" time="64.575" errors="0" skipped="14">
  <properties>
[...]
</properties>
  <testcase classname="tests.Tests" name="setUp" time="64.566">
    <failure message="chrome not reachable
Build info: version: &apos;3.141.59&apos;, revision: &apos;e82be7d358&apos;, time: &apos;2018-11-14T08:17:03&apos;
System info: host: &apos;W10BOOKCORDEROA&apos;, ip: &apos;172.24.48.18&apos;, os.name: &apos;Windows 10&apos;, os.arch: &apos;amd64&apos;, os.version: &apos;10.0&apos;, java.version: &apos;1.8.0_291&apos;
Driver info: driver.version: ChromeDriver
remote stacktrace: Backtrace:
	Ordinal0 [0x00C0C013+2474003]
	Ordinal0 [0x00BA29C1+2042305]
	Ordinal0 [0x00AB2E30+1060400]
	Ordinal0 [0x00AA7743+1013571]
	Ordinal0 [0x00AD1282+1184386]
	Ordinal0 [0x00ACD600+1168896]
	Ordinal0 [0x00ACAA83+1157763]
	Ordinal0 [0x00AFA2A2+1352354]
	Ordinal0 [0x00AF8FAA+1347498]
	Ordinal0 [0x00AF66DB+1337051]
	Ordinal0 [0x00AD3427+1192999]
	Ordinal0 [0x00AD42EE+1196782]
	Ordinal0 [0x00AD4279+1196665]
	GetHandleVerifier [0x00D996FC+1590332]
	GetHandleVerifier [0x00E48614+2306900]
	GetHandleVerifier [0x00C99E93+543699]
	GetHandleVerifier [0x00C992CE+540686]
	Ordinal0 [0x00BA86BA+2066106]
	Ordinal0 [0x00BAD1C8+2085320]
	Ordinal0 [0x00BAD308+2085640]
	Ordinal0 [0x00BB67F3+2123763]
	BaseThreadInitThunk [0x76858654+36]
	RtlGetAppContainerNamedObjectPath [0x771B4A47+311]
	RtlGetAppContainerNamedObjectPath [0x771B4A17+263]
" type="org.openqa.selenium.WebDriverException">org.openqa.selenium.WebDriverException: chrome not reachable
Build info: version: &apos;3.141.59&apos;, revision: &apos;e82be7d358&apos;, time: &apos;2018-11-14T08:17:03&apos;
System info: host: &apos;W10BOOKCORDEROA&apos;, ip: &apos;172.24.48.18&apos;, os.name: &apos;Windows 10&apos;, os.arch: &apos;amd64&apos;, os.version: &apos;10.0&apos;, java.version: &apos;1.8.0_291&apos;
Driver info: driver.version: ChromeDriver
remote stacktrace: Backtrace:
	Ordinal0 [0x00C0C013+2474003]
	Ordinal0 [0x00BA29C1+2042305]
	Ordinal0 [0x00AB2E30+1060400]
	Ordinal0 [0x00AA7743+1013571]
	Ordinal0 [0x00AD1282+1184386]
	Ordinal0 [0x00ACD600+1168896]
	Ordinal0 [0x00ACAA83+1157763]
	Ordinal0 [0x00AFA2A2+1352354]
	Ordinal0 [0x00AF8FAA+1347498]
	Ordinal0 [0x00AF66DB+1337051]
	Ordinal0 [0x00AD3427+1192999]
	Ordinal0 [0x00AD42EE+1196782]
	Ordinal0 [0x00AD4279+1196665]
	GetHandleVerifier [0x00D996FC+1590332]
	GetHandleVerifier [0x00E48614+2306900]
	GetHandleVerifier [0x00C99E93+543699]
	GetHandleVerifier [0x00C992CE+540686]
	Ordinal0 [0x00BA86BA+2066106]
	Ordinal0 [0x00BAD1C8+2085320]
	Ordinal0 [0x00BAD308+2085640]
	Ordinal0 [0x00BB67F3+2123763]
	BaseThreadInitThunk [0x76858654+36]
	RtlGetAppContainerNamedObjectPath [0x771B4A47+311]
	RtlGetAppContainerNamedObjectPath [0x771B4A17+263]

	at sun.reflect.NativeConstructorAccessorImpl.newInstance0(Native Method)
	at sun.reflect.NativeConstructorAccessorImpl.newInstance(Unknown Source)
	at sun.reflect.DelegatingConstructorAccessorImpl.newInstance(Unknown Source)
	at java.lang.reflect.Constructor.newInstance(Unknown Source)
	at org.openqa.selenium.remote.W3CHandshakeResponse.lambda$errorHandler$0(W3CHandshakeResponse.java:62)
	at org.openqa.selenium.remote.HandshakeResponse.lambda$getResponseFunction$0(HandshakeResponse.java:30)
	at org.openqa.selenium.remote.ProtocolHandshake.lambda$createSession$0(ProtocolHandshake.java:126)
	at java.util.stream.ReferencePipeline$3$1.accept(Unknown Source)
	at java.util.Spliterators$ArraySpliterator.tryAdvance(Unknown Source)
	at java.util.stream.ReferencePipeline.forEachWithCancel(Unknown Source)
	at java.util.stream.AbstractPipeline.copyIntoWithCancel(Unknown Source)
	at java.util.stream.AbstractPipeline.copyInto(Unknown Source)
	at java.util.stream.AbstractPipeline.wrapAndCopyInto(Unknown Source)
	at java.util.stream.FindOps$FindOp.evaluateSequential(Unknown Source)
	at java.util.stream.AbstractPipeline.evaluate(Unknown Source)
	at java.util.stream.ReferencePipeline.findFirst(Unknown Source)
	at org.openqa.selenium.remote.ProtocolHandshake.createSession(ProtocolHandshake.java:128)
	at org.openqa.selenium.remote.ProtocolHandshake.createSession(ProtocolHandshake.java:74)
	at org.openqa.selenium.remote.HttpCommandExecutor.execute(HttpCommandExecutor.java:136)
	at org.openqa.selenium.remote.service.DriverCommandExecutor.execute(DriverCommandExecutor.java:83)
	at org.openqa.selenium.remote.RemoteWebDriver.execute(RemoteWebDriver.java:552)
	at org.openqa.selenium.remote.RemoteWebDriver.startSession(RemoteWebDriver.java:213)
	at org.openqa.selenium.remote.RemoteWebDriver.&lt;init&gt;(RemoteWebDriver.java:131)
	at org.openqa.selenium.chrome.ChromeDriver.&lt;init&gt;(ChromeDriver.java:181)
	at org.openqa.selenium.chrome.ChromeDriver.&lt;init&gt;(ChromeDriver.java:168)
	at org.openqa.selenium.chrome.ChromeDriver.&lt;init&gt;(ChromeDriver.java:157)
	at tests.Tests.setUp(Tests.java:36)
</failure>
    <system-out>Configuring TestNG with: org.apache.maven.surefire.testng.conf.TestNG652Configurator@4b6995df
</system-out>
    <system-err>Starting ChromeDriver 90.0.4430.24 (4c6d850f087da467d926e8eddb76550aed655991-refs/branch-heads/4430@{#429}) on port 25245
Only local connections are allowed.
Please see https://chromedriver.chromium.org/security-considerations for suggestions on keeping ChromeDriver safe.
ChromeDriver was started successfully.
</system-err>
  </testcase>
  <testcase classname="tests.Tests" name="pruebaCantidadDeCampos" time="0">
    <skipped/>
  </testcase>
  <testcase classname="tests.Tests" name="tearDown" time="0">
    <skipped/>
  </testcase>
  <testcase classname="tests.Tests" name="setUp" time="0">
    <skipped/>
  </testcase>
  <testcase classname="tests.Tests" name="pruebaDos" time="0">
    <skipped/>
  </testcase>
  <testcase classname="tests.Tests" name="tearDown" time="0">
    <skipped/>
  </testcase>
  <testcase classname="tests.Tests" name="setUp" time="0.001">
    <skipped/>
  </testcase>
  <testcase classname="tests.Tests" name="pruebaTituloEnUsuario" time="0">
    <skipped/>
  </testcase>
  <testcase classname="tests.Tests" name="tearDown" time="0.001">
    <skipped/>
  </testcase>
  <testcase classname="tests.Tests" name="setUp" time="0.002">
    <skipped/>
  </testcase>
  <testcase classname="tests.Tests" name="pruebaTres" time="0.001">
    <skipped/>
  </testcase>
  <testcase classname="tests.Tests" name="tearDown" time="0.001">
    <skipped/>
  </testcase>
  <testcase classname="tests.Tests" name="setUp" time="0.003">
    <skipped/>
  </testcase>
  <testcase classname="tests.Tests" name="pruebaUno" time="0">
    <skipped/>
  </testcase>
  <testcase classname="tests.Tests" name="tearDown" time="0">
    <skipped/>
  </testcase>
</testsuite>