-------------------------------------------------------------------------------
Test set: tests.Tests
-------------------------------------------------------------------------------
Tests run: 4, Failures: 1, Errors: 0, Skipped: 0, Time elapsed: 28.348 sec <<< FAILURE!
pruebaUno(tests.Tests)  Time elapsed: 0.062 sec  <<< FAILURE!
java.lang.NullPointerException
	at tests.Tests.pruebaUno(Tests.java:49)

