<?xml version="1.0" encoding="UTF-8"?>
<!-- Generated by org.testng.reporters.JUnitXMLReporter -->
<testsuite hostname="w10bookcorderoa" ignored="0" name="Command line test" tests="5" failures="0" timestamp="2021-05-19T11:10:27 ART" time="32.131" errors="0">
  <testcase name="pruebaCantidadDeCampos" time="0.27" classname="tests.Tests"/>
  <testcase name="pruebaDos" time="1.217" classname="tests.Tests"/>
  <testcase name="pruebaTituloEnUsuario" time="0.194" classname="tests.Tests"/>
  <testcase name="pruebaTres" time="1.833" classname="tests.Tests"/>
  <testcase name="pruebaUno" time="1.334" classname="tests.Tests"/>
</testsuite> <!-- Command line test -->
